d:\traffic_control\traffic_control\traffic_control\x64\debug\vc142.pdb
d:\traffic_control\traffic_control\traffic_control\x64\debug\vc142.idb
d:\traffic_control\traffic_control\traffic_control\x64\debug\variable_lane_control.obj
d:\traffic_control\traffic_control\traffic_control\x64\debug\traffic_incident.obj
d:\traffic_control\traffic_control\traffic_control\x64\debug\traffic_control.obj
d:\traffic_control\traffic_control\traffic_control\x64\debug\json_writer.obj
d:\traffic_control\traffic_control\traffic_control\x64\debug\json_value.obj
d:\traffic_control\traffic_control\traffic_control\x64\debug\json_reader.obj
d:\traffic_control\traffic_control\traffic_control\x64\debug\event_detect.obj
d:\traffic_control\traffic_control\traffic_control\x64\debug\c_event_detect.obj
d:\traffic_control\traffic_control\traffic_control\x64\debug\test_main.obj
d:\traffic_control\traffic_control\x64\debug\traffic_control.ilk
d:\traffic_control\traffic_control\x64\debug\traffic_control.exe
d:\traffic_control\traffic_control\x64\debug\traffic_control.pdb
d:\traffic_control\traffic_control\traffic_control\x64\debug\traffic_control.tlog\cl.command.1.tlog
d:\traffic_control\traffic_control\traffic_control\x64\debug\traffic_control.tlog\cl.read.1.tlog
d:\traffic_control\traffic_control\traffic_control\x64\debug\traffic_control.tlog\cl.write.1.tlog
d:\traffic_control\traffic_control\traffic_control\x64\debug\traffic_control.tlog\link.command.1.tlog
d:\traffic_control\traffic_control\traffic_control\x64\debug\traffic_control.tlog\link.read.1.tlog
d:\traffic_control\traffic_control\traffic_control\x64\debug\traffic_control.tlog\link.write.1.tlog
